# JRE version: OpenJDK Runtime Environment (11.0.2+9) (build 11.0.2+9)
# Java VM: OpenJDK 64-Bit Server VM (11.0.2+9, mixed mode, tiered, compressed oops, g1 gc, windows-amd64)
Heap:
 garbage-first heap   total 312320K, used 24913K [0x0000000703400000, 0x0000000800000000)
  region size 1024K, 10 young (10240K), 10 survivors (10240K)
 Metaspace       used 46564K, capacity 48781K, committed 48976K, reserved 1091584K
  class space    used 6427K, capacity 7397K, committed 7508K, reserved 1048576K
GC Heap History (10 events):
Event: 0.533 GC heap after
{Heap after GC invocations=1 (full 0):
 garbage-first heap   total 260096K, used 5599K [0x0000000703400000, 0x0000000800000000)
  region size 1024K, 3 young (3072K), 3 survivors (3072K)
 Metaspace       used 15031K, capacity 15380K, committed 15744K, reserved 1062912K
  class space    used 1653K, capacity 1799K, committed 1920K, reserved 1048576K
}
Event: 0.709 GC heap before
{Heap before GC invocations=1 (full 0):
 garbage-first heap   total 260096K, used 15839K [0x0000000703400000, 0x0000000800000000)
  region size 1024K, 13 young (13312K), 3 survivors (3072K)
 Metaspace       used 18439K, capacity 18895K, committed 19200K, reserved 1067008K
  class space    used 2274K, capacity 2448K, committed 2560K, reserved 1048576K
}
Event: 0.711 GC heap after
{Heap after GC invocations=2 (full 0):
 garbage-first heap   total 260096K, used 6436K [0x0000000703400000, 0x0000000800000000)
  region size 1024K, 1 young (1024K), 1 survivors (1024K)
 Metaspace       used 18439K, capacity 18895K, committed 19200K, reserved 1067008K
  class space    used 2274K, capacity 2448K, committed 2560K, reserved 1048576K
}
Event: 0.793 GC heap before
{Heap before GC invocations=2 (full 0):
 garbage-first heap   total 260096K, used 12580K [0x0000000703400000, 0x0000000800000000)
  region size 1024K, 8 young (8192K), 1 survivors (1024K)
 Metaspace       used 20502K, capacity 21144K, committed 21248K, reserved 1067008K
  class space    used 2529K, capacity 2800K, committed 2816K, reserved 1048576K
}
Event: 0.795 GC heap after
{Heap after GC invocations=3 (full 0):
 garbage-first heap   total 260096K, used 7607K [0x0000000703400000, 0x0000000800000000)
  region size 1024K, 2 young (2048K), 2 survivors (2048K)
 Metaspace       used 20502K, capacity 21144K, committed 21248K, reserved 1067008K
  class space    used 2529K, capacity 2800K, committed 2816K, reserved 1048576K
}
Event: 1.705 GC heap before
{Heap before GC invocations=4 (full 0):
 garbage-first heap   total 260096K, used 33207K [0x0000000703400000, 0x0000000800000000)
  region size 1024K, 28 young (28672K), 2 survivors (2048K)
 Metaspace       used 34802K, capacity 35937K, committed 36048K, reserved 1081344K
  class space    used 4465K, capacity 4997K, committed 5076K, reserved 1048576K
}
Event: 1.711 GC heap after
{Heap after GC invocations=5 (full 0):
 garbage-first heap   total 260096K, used 11136K [0x0000000703400000, 0x0000000800000000)
  region size 1024K, 6 young (6144K), 6 survivors (6144K)
 Metaspace       used 34802K, capacity 35937K, committed 36048K, reserved 1081344K
  class space    used 4465K, capacity 4997K, committed 5076K, reserved 1048576K
}
Event: 2.800 GC heap before
{Heap before GC invocations=6 (full 0):
 garbage-first heap   total 260096K, used 69504K [0x0000000703400000, 0x0000000800000000)
  region size 1024K, 62 young (63488K), 6 survivors (6144K)
 Metaspace       used 46356K, capacity 48636K, committed 48976K, reserved 1091584K
  class space    used 6407K, capacity 7391K, committed 7508K, reserved 1048576K
}
Event: 2.813 GC heap after
{Heap after GC invocations=7 (full 0):
 garbage-first heap   total 260096K, used 22865K [0x0000000703400000, 0x0000000800000000)
  region size 1024K, 8 young (8192K), 8 survivors (8192K)
 Metaspace       used 46356K, capacity 48636K, committed 48976K, reserved 1091584K
  class space    used 6407K, capacity 7391K, committed 7508K, reserved 1048576K
}
Event: 3.032 GC heap before
{Heap before GC invocations=7 (full 0):
 garbage-first heap   total 260096K, used 146769K [0x0000000703400000, 0x0000000800000000)
  region size 1024K, 131 young (134144K), 8 survivors (8192K)
 Metaspace       used 46564K, capacity 48781K, committed 48976K, reserved 1091584K
  class space    used 6427K, capacity 7397K, committed 7508K, reserved 1048576K
}

