# JRE version: OpenJDK Runtime Environment (11.0.2+9) (build 11.0.2+9)
# Java VM: OpenJDK 64-Bit Server VM (11.0.2+9, mixed mode, tiered, compressed oops, g1 gc, windows-amd64)
Heap:
 garbage-first heap   total 312320K, used 24691K [0x0000000703400000, 0x0000000800000000)
  region size 1024K, 12 young (12288K), 12 survivors (12288K)
 Metaspace       used 46300K, capacity 48478K, committed 48592K, reserved 1091584K
  class space    used 6385K, capacity 7358K, committed 7380K, reserved 1048576K
GC Heap History (10 events):
Event: 0.524 GC heap before
{Heap before GC invocations=0 (full 0):
 garbage-first heap   total 260096K, used 24576K [0x0000000703400000, 0x0000000800000000)
  region size 1024K, 24 young (24576K), 0 survivors (0K)
 Metaspace       used 15166K, capacity 15543K, committed 15744K, reserved 1062912K
  class space    used 1688K, capacity 1832K, committed 1920K, reserved 1048576K
}
Event: 0.528 GC heap after
{Heap after GC invocations=1 (full 0):
 garbage-first heap   total 260096K, used 5413K [0x0000000703400000, 0x0000000800000000)
  region size 1024K, 3 young (3072K), 3 survivors (3072K)
 Metaspace       used 15166K, capacity 15543K, committed 15744K, reserved 1062912K
  class space    used 1688K, capacity 1832K, committed 1920K, reserved 1048576K
}
Event: 0.780 GC heap before
{Heap before GC invocations=1 (full 0):
 garbage-first heap   total 260096K, used 18725K [0x0000000703400000, 0x0000000800000000)
  region size 1024K, 17 young (17408K), 3 survivors (3072K)
 Metaspace       used 20475K, capacity 21144K, committed 21248K, reserved 1067008K
  class space    used 2528K, capacity 2800K, committed 2816K, reserved 1048576K
}
Event: 0.784 GC heap after
{Heap after GC invocations=2 (full 0):
 garbage-first heap   total 260096K, used 7285K [0x0000000703400000, 0x0000000800000000)
  region size 1024K, 5 young (5120K), 5 survivors (5120K)
 Metaspace       used 20475K, capacity 21144K, committed 21248K, reserved 1067008K
  class space    used 2528K, capacity 2800K, committed 2816K, reserved 1048576K
}
Event: 1.570 GC heap before
{Heap before GC invocations=3 (full 0):
 garbage-first heap   total 260096K, used 28789K [0x0000000703400000, 0x0000000800000000)
  region size 1024K, 26 young (26624K), 5 survivors (5120K)
 Metaspace       used 32919K, capacity 33944K, committed 34172K, reserved 1079296K
  class space    used 4228K, capacity 4692K, committed 4736K, reserved 1048576K
}
Event: 1.576 GC heap after
{Heap after GC invocations=4 (full 0):
 garbage-first heap   total 260096K, used 10748K [0x0000000703400000, 0x0000000800000000)
  region size 1024K, 4 young (4096K), 4 survivors (4096K)
 Metaspace       used 32919K, capacity 33944K, committed 34172K, reserved 1079296K
  class space    used 4228K, capacity 4692K, committed 4736K, reserved 1048576K
}
Event: 1.688 GC heap before
{Heap before GC invocations=4 (full 0):
 garbage-first heap   total 260096K, used 15868K [0x0000000703400000, 0x0000000800000000)
  region size 1024K, 10 young (10240K), 4 survivors (4096K)
 Metaspace       used 34805K, capacity 35937K, committed 36048K, reserved 1081344K
  class space    used 4467K, capacity 4997K, committed 5076K, reserved 1048576K
}
Event: 1.692 GC heap after
{Heap after GC invocations=5 (full 0):
 garbage-first heap   total 260096K, used 10817K [0x0000000703400000, 0x0000000800000000)
  region size 1024K, 5 young (5120K), 5 survivors (5120K)
 Metaspace       used 34805K, capacity 35937K, committed 36048K, reserved 1081344K
  class space    used 4467K, capacity 4997K, committed 5076K, reserved 1048576K
}
Event: 2.810 GC heap before
{Heap before GC invocations=6 (full 0):
 garbage-first heap   total 260096K, used 73281K [0x0000000703400000, 0x0000000800000000)
  region size 1024K, 68 young (69632K), 5 survivors (5120K)
 Metaspace       used 45831K, capacity 48095K, committed 48336K, reserved 1089536K
  class space    used 6340K, capacity 7316K, committed 7380K, reserved 1048576K
}
Event: 2.823 GC heap after
{Heap after GC invocations=7 (full 0):
 garbage-first heap   total 260096K, used 20068K [0x0000000703400000, 0x0000000800000000)
  region size 1024K, 9 young (9216K), 9 survivors (9216K)
 Metaspace       used 45831K, capacity 48095K, committed 48336K, reserved 1089536K
  class space    used 6340K, capacity 7316K, committed 7380K, reserved 1048576K
}

