# JRE version: OpenJDK Runtime Environment (11.0.2+9) (build 11.0.2+9)
# Java VM: OpenJDK 64-Bit Server VM (11.0.2+9, mixed mode, tiered, compressed oops, g1 gc, windows-amd64)
Heap:
 garbage-first heap   total 312320K, used 24649K [0x0000000703400000, 0x0000000800000000)
  region size 1024K, 10 young (10240K), 10 survivors (10240K)
 Metaspace       used 46363K, capacity 48625K, committed 48892K, reserved 1091584K
  class space    used 6404K, capacity 7365K, committed 7424K, reserved 1048576K
GC Heap History (10 events):
Event: 0.530 GC heap after
{Heap after GC invocations=1 (full 0):
 garbage-first heap   total 260096K, used 5559K [0x0000000703400000, 0x0000000800000000)
  region size 1024K, 3 young (3072K), 3 survivors (3072K)
 Metaspace       used 15789K, capacity 16171K, committed 16384K, reserved 1062912K
  class space    used 1782K, capacity 1936K, committed 2048K, reserved 1048576K
}
Event: 0.755 GC heap before
{Heap before GC invocations=1 (full 0):
 garbage-first heap   total 260096K, used 17847K [0x0000000703400000, 0x0000000800000000)
  region size 1024K, 15 young (15360K), 3 survivors (3072K)
 Metaspace       used 20222K, capacity 20866K, committed 20992K, reserved 1067008K
  class space    used 2492K, capacity 2770K, committed 2816K, reserved 1048576K
}
Event: 0.759 GC heap after
{Heap after GC invocations=2 (full 0):
 garbage-first heap   total 260096K, used 7362K [0x0000000703400000, 0x0000000800000000)
  region size 1024K, 2 young (2048K), 2 survivors (2048K)
 Metaspace       used 20222K, capacity 20866K, committed 20992K, reserved 1067008K
  class space    used 2492K, capacity 2770K, committed 2816K, reserved 1048576K
}
Event: 0.766 GC heap before
{Heap before GC invocations=2 (full 0):
 garbage-first heap   total 260096K, used 8386K [0x0000000703400000, 0x0000000800000000)
  region size 1024K, 4 young (4096K), 2 survivors (2048K)
 Metaspace       used 20505K, capacity 21144K, committed 21248K, reserved 1067008K
  class space    used 2532K, capacity 2800K, committed 2816K, reserved 1048576K
}
Event: 0.768 GC heap after
{Heap after GC invocations=3 (full 0):
 garbage-first heap   total 260096K, used 7588K [0x0000000703400000, 0x0000000800000000)
  region size 1024K, 2 young (2048K), 2 survivors (2048K)
 Metaspace       used 20505K, capacity 21144K, committed 21248K, reserved 1067008K
  class space    used 2532K, capacity 2800K, committed 2816K, reserved 1048576K
}
Event: 1.504 GC heap before
{Heap before GC invocations=4 (full 0):
 garbage-first heap   total 260096K, used 34212K [0x0000000703400000, 0x0000000800000000)
  region size 1024K, 29 young (29696K), 2 survivors (2048K)
 Metaspace       used 34795K, capacity 35905K, committed 35964K, reserved 1081344K
  class space    used 4467K, capacity 4965K, committed 4992K, reserved 1048576K
}
Event: 1.508 GC heap after
{Heap after GC invocations=5 (full 0):
 garbage-first heap   total 260096K, used 10993K [0x0000000703400000, 0x0000000800000000)
  region size 1024K, 6 young (6144K), 6 survivors (6144K)
 Metaspace       used 34795K, capacity 35905K, committed 35964K, reserved 1081344K
  class space    used 4467K, capacity 4965K, committed 4992K, reserved 1048576K
}
Event: 2.342 GC heap before
{Heap before GC invocations=6 (full 0):
 garbage-first heap   total 260096K, used 70385K [0x0000000703400000, 0x0000000800000000)
  region size 1024K, 63 young (64512K), 6 survivors (6144K)
 Metaspace       used 46236K, capacity 48485K, committed 48636K, reserved 1091584K
  class space    used 6391K, capacity 7361K, committed 7424K, reserved 1048576K
}
Event: 2.354 GC heap after
{Heap after GC invocations=7 (full 0):
 garbage-first heap   total 260096K, used 22641K [0x0000000703400000, 0x0000000800000000)
  region size 1024K, 8 young (8192K), 8 survivors (8192K)
 Metaspace       used 46236K, capacity 48485K, committed 48636K, reserved 1091584K
  class space    used 6391K, capacity 7361K, committed 7424K, reserved 1048576K
}
Event: 2.486 GC heap before
{Heap before GC invocations=7 (full 0):
 garbage-first heap   total 260096K, used 169073K [0x0000000703400000, 0x0000000800000000)
  region size 1024K, 153 young (156672K), 8 survivors (8192K)
 Metaspace       used 46363K, capacity 48625K, committed 48892K, reserved 1091584K
  class space    used 6404K, capacity 7365K, committed 7424K, reserved 1048576K
}

