# JRE version: OpenJDK Runtime Environment (11.0.2+9) (build 11.0.2+9)
# Java VM: OpenJDK 64-Bit Server VM (11.0.2+9, mixed mode, tiered, compressed oops, g1 gc, windows-amd64)
Heap:
 garbage-first heap   total 312320K, used 24804K [0x0000000703400000, 0x0000000800000000)
  region size 1024K, 11 young (11264K), 11 survivors (11264K)
 Metaspace       used 46341K, capacity 48626K, committed 48892K, reserved 1091584K
  class space    used 6397K, capacity 7367K, committed 7424K, reserved 1048576K
GC Heap History (10 events):
Event: 0.595 GC heap after
{Heap after GC invocations=1 (full 0):
 garbage-first heap   total 260096K, used 5495K [0x0000000703400000, 0x0000000800000000)
  region size 1024K, 3 young (3072K), 3 survivors (3072K)
 Metaspace       used 15217K, capacity 15575K, committed 15744K, reserved 1062912K
  class space    used 1697K, capacity 1864K, committed 1920K, reserved 1048576K
}
Event: 0.845 GC heap before
{Heap before GC invocations=1 (full 0):
 garbage-first heap   total 260096K, used 17783K [0x0000000703400000, 0x0000000800000000)
  region size 1024K, 15 young (15360K), 3 survivors (3072K)
 Metaspace       used 19852K, capacity 20456K, committed 20736K, reserved 1067008K
  class space    used 2438K, capacity 2720K, committed 2816K, reserved 1048576K
}
Event: 0.848 GC heap after
{Heap after GC invocations=2 (full 0):
 garbage-first heap   total 260096K, used 7440K [0x0000000703400000, 0x0000000800000000)
  region size 1024K, 2 young (2048K), 2 survivors (2048K)
 Metaspace       used 19852K, capacity 20456K, committed 20736K, reserved 1067008K
  class space    used 2438K, capacity 2720K, committed 2816K, reserved 1048576K
}
Event: 0.872 GC heap before
{Heap before GC invocations=2 (full 0):
 garbage-first heap   total 260096K, used 9488K [0x0000000703400000, 0x0000000800000000)
  region size 1024K, 5 young (5120K), 2 survivors (2048K)
 Metaspace       used 20512K, capacity 21144K, committed 21248K, reserved 1067008K
  class space    used 2526K, capacity 2800K, committed 2816K, reserved 1048576K
}
Event: 0.875 GC heap after
{Heap after GC invocations=3 (full 0):
 garbage-first heap   total 260096K, used 7583K [0x0000000703400000, 0x0000000800000000)
  region size 1024K, 2 young (2048K), 2 survivors (2048K)
 Metaspace       used 20512K, capacity 21144K, committed 21248K, reserved 1067008K
  class space    used 2526K, capacity 2800K, committed 2816K, reserved 1048576K
}
Event: 1.793 GC heap before
{Heap before GC invocations=4 (full 0):
 garbage-first heap   total 260096K, used 34207K [0x0000000703400000, 0x0000000800000000)
  region size 1024K, 29 young (29696K), 2 survivors (2048K)
 Metaspace       used 34798K, capacity 35905K, committed 35964K, reserved 1081344K
  class space    used 4458K, capacity 4965K, committed 4992K, reserved 1048576K
}
Event: 1.796 GC heap after
{Heap after GC invocations=5 (full 0):
 garbage-first heap   total 260096K, used 11037K [0x0000000703400000, 0x0000000800000000)
  region size 1024K, 6 young (6144K), 6 survivors (6144K)
 Metaspace       used 34798K, capacity 35905K, committed 35964K, reserved 1081344K
  class space    used 4458K, capacity 4965K, committed 4992K, reserved 1048576K
}
Event: 2.698 GC heap before
{Heap before GC invocations=6 (full 0):
 garbage-first heap   total 260096K, used 70429K [0x0000000703400000, 0x0000000800000000)
  region size 1024K, 64 young (65536K), 6 survivors (6144K)
 Metaspace       used 46104K, capacity 48359K, committed 48636K, reserved 1091584K
  class space    used 6372K, capacity 7363K, committed 7424K, reserved 1048576K
}
Event: 2.709 GC heap after
{Heap after GC invocations=7 (full 0):
 garbage-first heap   total 260096K, used 22605K [0x0000000703400000, 0x0000000800000000)
  region size 1024K, 8 young (8192K), 8 survivors (8192K)
 Metaspace       used 46104K, capacity 48359K, committed 48636K, reserved 1091584K
  class space    used 6372K, capacity 7363K, committed 7424K, reserved 1048576K
}
Event: 2.881 GC heap before
{Heap before GC invocations=7 (full 0):
 garbage-first heap   total 260096K, used 157773K [0x0000000703400000, 0x0000000800000000)
  region size 1024K, 142 young (145408K), 8 survivors (8192K)
 Metaspace       used 46341K, capacity 48626K, committed 48892K, reserved 1091584K
  class space    used 6397K, capacity 7367K, committed 7424K, reserved 1048576K
}

