# JRE version: OpenJDK Runtime Environment (11.0.2+9) (build 11.0.2+9)
# Java VM: OpenJDK 64-Bit Server VM (11.0.2+9, mixed mode, tiered, compressed oops, g1 gc, windows-amd64)
Heap:
 garbage-first heap   total 312320K, used 198609K [0x0000000703400000, 0x0000000800000000)
  region size 1024K, 181 young (185344K), 8 survivors (8192K)
 Metaspace       used 46412K, capacity 48612K, committed 48848K, reserved 1091584K
  class space    used 6403K, capacity 7362K, committed 7380K, reserved 1048576K
GC Heap History (10 events):
Event: 0.547 GC heap before
{Heap before GC invocations=0 (full 0):
 garbage-first heap   total 260096K, used 24576K [0x0000000703400000, 0x0000000800000000)
  region size 1024K, 24 young (24576K), 0 survivors (0K)
 Metaspace       used 15384K, capacity 15738K, committed 16000K, reserved 1062912K
  class space    used 1735K, capacity 1897K, committed 1920K, reserved 1048576K
}
Event: 0.551 GC heap after
{Heap after GC invocations=1 (full 0):
 garbage-first heap   total 260096K, used 5957K [0x0000000703400000, 0x0000000800000000)
  region size 1024K, 3 young (3072K), 3 survivors (3072K)
 Metaspace       used 15384K, capacity 15738K, committed 16000K, reserved 1062912K
  class space    used 1735K, capacity 1897K, committed 1920K, reserved 1048576K
}
Event: 0.787 GC heap before
{Heap before GC invocations=1 (full 0):
 garbage-first heap   total 260096K, used 19269K [0x0000000703400000, 0x0000000800000000)
  region size 1024K, 16 young (16384K), 3 survivors (3072K)
 Metaspace       used 20432K, capacity 21093K, committed 21248K, reserved 1067008K
  class space    used 2515K, capacity 2783K, committed 2816K, reserved 1048576K
}
Event: 0.790 GC heap after
{Heap after GC invocations=2 (full 0):
 garbage-first heap   total 260096K, used 7285K [0x0000000703400000, 0x0000000800000000)
  region size 1024K, 2 young (2048K), 2 survivors (2048K)
 Metaspace       used 20432K, capacity 21093K, committed 21248K, reserved 1067008K
  class space    used 2515K, capacity 2783K, committed 2816K, reserved 1048576K
}
Event: 0.794 GC heap before
{Heap before GC invocations=2 (full 0):
 garbage-first heap   total 260096K, used 7285K [0x0000000703400000, 0x0000000800000000)
  region size 1024K, 3 young (3072K), 2 survivors (2048K)
 Metaspace       used 20514K, capacity 21144K, committed 21248K, reserved 1067008K
  class space    used 2528K, capacity 2800K, committed 2816K, reserved 1048576K
}
Event: 0.796 GC heap after
{Heap after GC invocations=3 (full 0):
 garbage-first heap   total 260096K, used 7358K [0x0000000703400000, 0x0000000800000000)
  region size 1024K, 2 young (2048K), 2 survivors (2048K)
 Metaspace       used 20514K, capacity 21144K, committed 21248K, reserved 1067008K
  class space    used 2528K, capacity 2800K, committed 2816K, reserved 1048576K
}
Event: 1.548 GC heap before
{Heap before GC invocations=4 (full 0):
 garbage-first heap   total 260096K, used 32958K [0x0000000703400000, 0x0000000800000000)
  region size 1024K, 28 young (28672K), 2 survivors (2048K)
 Metaspace       used 34798K, capacity 35937K, committed 36048K, reserved 1081344K
  class space    used 4461K, capacity 4997K, committed 5076K, reserved 1048576K
}
Event: 1.553 GC heap after
{Heap after GC invocations=5 (full 0):
 garbage-first heap   total 260096K, used 10813K [0x0000000703400000, 0x0000000800000000)
  region size 1024K, 6 young (6144K), 6 survivors (6144K)
 Metaspace       used 34798K, capacity 35937K, committed 36048K, reserved 1081344K
  class space    used 4461K, capacity 4997K, committed 5076K, reserved 1048576K
}
Event: 2.370 GC heap before
{Heap before GC invocations=6 (full 0):
 garbage-first heap   total 260096K, used 68157K [0x0000000703400000, 0x0000000800000000)
  region size 1024K, 62 young (63488K), 6 survivors (6144K)
 Metaspace       used 46210K, capacity 48409K, committed 48592K, reserved 1091584K
  class space    used 6381K, capacity 7358K, committed 7380K, reserved 1048576K
}
Event: 2.382 GC heap after
{Heap after GC invocations=7 (full 0):
 garbage-first heap   total 312320K, used 22481K [0x0000000703400000, 0x0000000800000000)
  region size 1024K, 8 young (8192K), 8 survivors (8192K)
 Metaspace       used 46210K, capacity 48409K, committed 48592K, reserved 1091584K
  class space    used 6381K, capacity 7358K, committed 7380K, reserved 1048576K
}

