# JRE version: OpenJDK Runtime Environment (11.0.2+9) (build 11.0.2+9)
# Java VM: OpenJDK 64-Bit Server VM (11.0.2+9, mixed mode, tiered, compressed oops, g1 gc, windows-amd64)
Heap:
 garbage-first heap   total 312320K, used 82268K [0x0000000703400000, 0x0000000800000000)
  region size 1024K, 51 young (52224K), 9 survivors (9216K)
 Metaspace       used 46071K, capacity 48340K, committed 48592K, reserved 1091584K
  class space    used 6311K, capacity 7267K, committed 7380K, reserved 1048576K
GC Heap History (10 events):
Event: 3.232 GC heap before
{Heap before GC invocations=5 (full 0):
 garbage-first heap   total 260096K, used 62060K [0x0000000703400000, 0x0000000800000000)
  region size 1024K, 54 young (55296K), 6 survivors (6144K)
 Metaspace       used 45177K, capacity 47360K, committed 47440K, reserved 1089536K
  class space    used 6232K, capacity 7199K, committed 7252K, reserved 1048576K
}
Event: 3.240 GC heap after
{Heap after GC invocations=6 (full 0):
 garbage-first heap   total 260096K, used 22206K [0x0000000703400000, 0x0000000800000000)
  region size 1024K, 7 young (7168K), 7 survivors (7168K)
 Metaspace       used 45177K, capacity 47360K, committed 47440K, reserved 1089536K
  class space    used 6232K, capacity 7199K, committed 7252K, reserved 1048576K
}
Event: 3.393 GC heap before
{Heap before GC invocations=6 (full 0):
 garbage-first heap   total 260096K, used 169662K [0x0000000703400000, 0x0000000800000000)
  region size 1024K, 153 young (156672K), 7 survivors (7168K)
 Metaspace       used 45475K, capacity 47729K, committed 47952K, reserved 1089536K
  class space    used 6260K, capacity 7237K, committed 7252K, reserved 1048576K
}
Event: 3.401 GC heap after
{Heap after GC invocations=7 (full 0):
 garbage-first heap   total 260096K, used 24692K [0x0000000703400000, 0x0000000800000000)
  region size 1024K, 10 young (10240K), 10 survivors (10240K)
 Metaspace       used 45475K, capacity 47729K, committed 47952K, reserved 1089536K
  class space    used 6260K, capacity 7237K, committed 7252K, reserved 1048576K
}
Event: 3.663 GC heap before
{Heap before GC invocations=7 (full 0):
 garbage-first heap   total 260096K, used 169076K [0x0000000703400000, 0x0000000800000000)
  region size 1024K, 152 young (155648K), 10 survivors (10240K)
 Metaspace       used 46030K, capacity 48323K, committed 48592K, reserved 1091584K
  class space    used 6308K, capacity 7263K, committed 7380K, reserved 1048576K
}
Event: 3.674 GC heap after
{Heap after GC invocations=8 (full 0):
 garbage-first heap   total 260096K, used 32446K [0x0000000703400000, 0x0000000800000000)
  region size 1024K, 17 young (17408K), 17 survivors (17408K)
 Metaspace       used 46030K, capacity 48323K, committed 48592K, reserved 1091584K
  class space    used 6308K, capacity 7263K, committed 7380K, reserved 1048576K
}
Event: 3.759 GC heap before
{Heap before GC invocations=8 (full 0):
 garbage-first heap   total 260096K, used 170686K [0x0000000703400000, 0x0000000800000000)
  region size 1024K, 154 young (157696K), 17 survivors (17408K)
 Metaspace       used 46063K, capacity 48338K, committed 48592K, reserved 1091584K
  class space    used 6311K, capacity 7267K, committed 7380K, reserved 1048576K
}
Event: 3.770 GC heap after
{Heap after GC invocations=9 (full 0):
 garbage-first heap   total 260096K, used 37861K [0x0000000703400000, 0x0000000800000000)
  region size 1024K, 16 young (16384K), 16 survivors (16384K)
 Metaspace       used 46063K, capacity 48338K, committed 48592K, reserved 1091584K
  class space    used 6311K, capacity 7267K, committed 7380K, reserved 1048576K
}
Event: 3.825 GC heap before
{Heap before GC invocations=9 (full 0):
 garbage-first heap   total 260096K, used 176101K [0x0000000703400000, 0x0000000800000000)
  region size 1024K, 152 young (155648K), 16 survivors (16384K)
 Metaspace       used 46066K, capacity 48340K, committed 48592K, reserved 1091584K
  class space    used 6311K, capacity 7267K, committed 7380K, reserved 1048576K
}
Event: 3.832 GC heap after
{Heap after GC invocations=10 (full 0):
 garbage-first heap   total 312320K, used 40284K [0x0000000703400000, 0x0000000800000000)
  region size 1024K, 9 young (9216K), 9 survivors (9216K)
 Metaspace       used 46066K, capacity 48340K, committed 48592K, reserved 1091584K
  class space    used 6311K, capacity 7267K, committed 7380K, reserved 1048576K
}

